#
# There is insufficient memory for the Java Runtime Environment to continue.
# Native memory allocation (malloc) failed to allocate 1048576 bytes for AllocateHeap
# Possible reasons:
#   The system is out of physical RAM or swap space
#   In 32 bit mode, the process size limit was hit
# Possible solutions:
#   Reduce memory load on the system
#   Increase physical memory or swap space
#   Check if swap backing store is full
#   Use 64 bit Java on a 64 bit OS
#   Decrease Java heap size (-Xmx/-Xms)
#   Decrease number of Java threads
#   Decrease Java thread stack sizes (-Xss)
#   Set larger code cache with -XX:ReservedCodeCacheSize=
# This output file may be truncated or incomplete.
#
#  Out of Memory Error (memory/allocation.inline.hpp:61), pid=6216, tid=0x00000000000013ec
#
# JRE version:  (8.0_151-b12) (build )
# Java VM: Java HotSpot(TM) 64-Bit Server VM (25.151-b12 mixed mode windows-amd64 compressed oops)
# Failed to write core dump. Minidumps are not enabled by default on client versions of Windows
#

---------------  T H R E A D  ---------------

Current thread (0x0000000001d80800):  JavaThread "Unknown thread" [_thread_in_vm, id=5100, stack(0x0000000001c80000,0x0000000001d80000)]

Stack: [0x0000000001c80000,0x0000000001d80000]
[error occurred during error reporting (printing stack bounds), id 0xc0000005]

Native frames: (J=compiled Java code, j=interpreted, Vv=VM code, C=native code)


---------------  P R O C E S S  ---------------

Java Threads: ( => current thread )

Other Threads:

=>0x0000000001d80800 (exited) JavaThread "Unknown thread" [_thread_in_vm, id=5100, stack(0x0000000001c80000,0x0000000001d80000)]

VM state:not at safepoint (normal execution)

VM Mutex/Monitor currently owned by a thread: None

Heap:
 PSYoungGen      total 38400K, used 665K [0x00000000d5d80000, 0x00000000d8800000, 0x0000000100000000)
  eden space 33280K, 2% used [0x00000000d5d80000,0x00000000d5e26670,0x00000000d7e00000)
  from space 5120K, 0% used [0x00000000d8300000,0x00000000d8300000,0x00000000d8800000)
  to   space 5120K, 0% used [0x00000000d7e00000,0x00000000d7e00000,0x00000000d8300000)
 ParOldGen       total 87552K, used 0K [0x0000000081800000, 0x0000000086d80000, 0x00000000d5d80000)
  object space 87552K, 0% used [0x0000000081800000,0x0000000081800000,0x0000000086d80000)
 Metaspace       used 746K, capacity 4480K, committed 4480K, reserved 1056768K
  class space    used 75K, capacity 384K, committed 384K, reserved 1048576K

Card table byte_map: [0x0000000011240000,0x0000000011640000] byte_map_base: 0x0000000010e34000

Marking Bits: (ParMarkBitMap*) 0x00000000746dd850
 Begin Bits: [0x0000000011cf0000, 0x0000000013c90000)
 End Bits:   [0x0000000013c90000, 0x0000000015c30000)

Polling page: 0x0000000001b60000

CodeCache: size=245760Kb used=328Kb max_used=328Kb free=245431Kb
 bounds [0x0000000001e80000, 0x00000000020f0000, 0x0000000010e80000]
 total_blobs=58 nmethods=0 adapters=38
 compilation: enabled

Compilation events (0 events):
No events

GC Heap History (0 events):
No events

Deoptimization events (0 events):
No events

Internal exceptions (0 events):
No events

Events (10 events):
Event: 0.022 loading class java/lang/Short
Event: 0.022 loading class java/lang/Short done
Event: 0.022 loading class java/lang/Integer
Event: 0.022 loading class java/lang/Integer done
Event: 0.022 loading class java/lang/Long
Event: 0.022 loading class java/lang/Long done
Event: 0.023 loading class java/lang/NullPointerException
Event: 0.023 loading class java/lang/NullPointerException done
Event: 0.023 loading class java/lang/ArithmeticException
Event: 0.023 loading class java/lang/ArithmeticException done


Dynamic libraries:
0x00007ff662ca0000 - 0x00007ff662cd7000 	C:\Program Files\Java\jre1.8.0_151\bin\javaw.exe
0x00007ff8f9e00000 - 0x00007ff8f9fad000 	C:\Windows\SYSTEM32\ntdll.dll
0x00007ff8f7a10000 - 0x00007ff8f7b4a000 	C:\Windows\system32\KERNEL32.DLL
0x00007ff8d6d00000 - 0x00007ff8d6d14000 	C:\Program Files\AVAST Software\Avast\aswhook.dll
0x00007ff8f73b0000 - 0x00007ff8f74c6000 	C:\Windows\system32\KERNELBASE.dll
0x00007ff8f5b60000 - 0x00007ff8f5bee000 	C:\Windows\system32\apphelp.dll
0x00007ff8e9090000 - 0x00007ff8e90e3000 	C:\Windows\AppPatch\AppPatch64\AcGenral.DLL
0x00007ff8f8330000 - 0x00007ff8f83d7000 	C:\Windows\system32\msvcrt.dll
0x00007ff8f7040000 - 0x00007ff8f706e000 	C:\Windows\system32\SspiCli.dll
0x00007ff8f7cc0000 - 0x00007ff8f7d11000 	C:\Windows\system32\SHLWAPI.dll
0x00007ff8f83e0000 - 0x00007ff8f8557000 	C:\Windows\system32\USER32.dll
0x00007ff8f86d0000 - 0x00007ff8f8864000 	C:\Windows\system32\ole32.dll
0x00007ff8f88b0000 - 0x00007ff8f9ddc000 	C:\Windows\system32\SHELL32.dll
0x00007ff8f65e0000 - 0x00007ff8f65fe000 	C:\Windows\SYSTEM32\USERENV.dll
0x00007ff8f7d30000 - 0x00007ff8f7dda000 	C:\Windows\system32\ADVAPI32.dll
0x00007ff8e70d0000 - 0x00007ff8e70eb000 	C:\Windows\SYSTEM32\MPR.dll
0x00007ff8f78d0000 - 0x00007ff8f7a10000 	C:\Windows\system32\RPCRT4.dll
0x00007ff8f7fd0000 - 0x00007ff8f8029000 	C:\Windows\SYSTEM32\sechost.dll
0x00007ff8f74d0000 - 0x00007ff8f76e2000 	C:\Windows\SYSTEM32\combase.dll
0x00007ff8f7e80000 - 0x00007ff8f7fcb000 	C:\Windows\system32\GDI32.dll
0x00007ff8f6f70000 - 0x00007ff8f6f84000 	C:\Windows\SYSTEM32\profapi.dll
0x00007ff8f57f0000 - 0x00007ff8f58a2000 	C:\Windows\SYSTEM32\SHCORE.dll
0x00007ff8f8870000 - 0x00007ff8f88a4000 	C:\Windows\system32\IMM32.DLL
0x00007ff8f8570000 - 0x00007ff8f86c1000 	C:\Windows\system32\MSCTF.dll
0x00007ff8f5370000 - 0x00007ff8f55eb000 	C:\Windows\WinSxS\amd64_microsoft.windows.common-controls_6595b64144ccf1df_6.0.9600.18006_none_623f33d3ecbe86e8\COMCTL32.dll
0x0000000074760000 - 0x0000000074832000 	C:\Program Files\Java\jre1.8.0_151\bin\msvcr100.dll
0x0000000073ec0000 - 0x000000007475d000 	C:\Program Files\Java\jre1.8.0_151\bin\server\jvm.dll
0x00007ff8ef530000 - 0x00007ff8ef539000 	C:\Windows\SYSTEM32\WSOCK32.dll
0x00007ff8eb6f0000 - 0x00007ff8eb70f000 	C:\Windows\SYSTEM32\WINMM.dll
0x00007ff8ef350000 - 0x00007ff8ef35a000 	C:\Windows\SYSTEM32\VERSION.dll
0x00007ff8f7d20000 - 0x00007ff8f7d27000 	C:\Windows\system32\PSAPI.DLL
0x00007ff8f8030000 - 0x00007ff8f808a000 	C:\Windows\system32\WS2_32.dll
0x00007ff8eb580000 - 0x00007ff8eb5aa000 	C:\Windows\SYSTEM32\WINMMBASE.dll
0x00007ff8f8090000 - 0x00007ff8f8099000 	C:\Windows\system32\NSI.dll
0x00007ff8f7070000 - 0x00007ff8f70ba000 	C:\Windows\SYSTEM32\cfgmgr32.dll
0x00007ff8f5e10000 - 0x00007ff8f5e36000 	C:\Windows\SYSTEM32\DEVOBJ.dll
0x0000000073eb0000 - 0x0000000073ebf000 	C:\Program Files\Java\jre1.8.0_151\bin\verify.dll
0x0000000073e80000 - 0x0000000073ea9000 	C:\Program Files\Java\jre1.8.0_151\bin\java.dll
0x0000000073c90000 - 0x0000000073ca6000 	C:\Program Files\Java\jre1.8.0_151\bin\zip.dll

VM Arguments:
jvm_args: -Dfile.encoding=Cp1252 
java_command: tablesexcel.InfoTable
java_class_path (initial): C:\Users\Isen\workspace\Exercice1\bin;C:\Users\Isen\workspace\Exercice1\jxl.jar;C:\Users\Isen\Desktop\YESS CONSULTING\commons-collections4-4.1.jar;C:\Users\Isen\Desktop\YESS CONSULTING\poi-3.17.jar;C:\Users\Isen\Desktop\YESS CONSULTING\poi-ooxml-3.17.jar;C:\Users\Isen\Desktop\YESS CONSULTING\poi-ooxml-schemas-3.17.jar;C:\Users\Isen\Desktop\YESS CONSULTING\xmlbeans-2.6.0.jar
Launcher Type: SUN_STANDARD

Environment Variables:
PATH=C:/Program Files/Java/jre1.8.0_151/bin/server;C:/Program Files/Java/jre1.8.0_151/bin;C:/Program Files/Java/jre1.8.0_151/lib/amd64;C:\ProgramData\Oracle\Java\javapath;C:\Windows\system32;C:\Windows;C:\Windows\System32\Wbem;C:\Windows\System32\WindowsPowerShell\v1.0\;C:\Program Files (x86)\NVIDIA Corporation\PhysX\Common;C:\Program Files\nodejs\;C:\Program Files\Git\cmd;C:\Users\Isen\AppData\Roaming\npm;C:\Users\Isen\Desktop\eclipse;
USERNAME=Isen
OS=Windows_NT
PROCESSOR_IDENTIFIER=Intel64 Family 6 Model 142 Stepping 9, GenuineIntel



---------------  S Y S T E M  ---------------

OS: Windows 8.1 , 64 bit Build 9600 (6.3.9600.17056)

CPU:total 4 (initial active 4) (2 cores per cpu, 2 threads per core) family 6 model 142 stepping 9, cmov, cx8, fxsr, mmx, sse, sse2, sse3, ssse3, sse4.1, sse4.2, popcnt, avx, avx2, aes, clmul, erms, 3dnowpref, lzcnt, ht, tsc, tscinvbit, bmi1, bmi2, adx

Memory: 4k page, physical 8286440k(2563100k free), swap 8810728k(5632k free)

vm_info: Java HotSpot(TM) 64-Bit Server VM (25.151-b12) for windows-amd64 JRE (1.8.0_151-b12), built on Sep  5 2017 19:33:46 by "java_re" with MS VC++ 10.0 (VS2010)

time: Mon Nov 25 17:26:51 2019
elapsed time: 0 seconds (0d 0h 0m 0s)

